{"/Users/harsh_agarwal-bebr/Desktop/backend-mock/database/models/index.js": {"path":"/Users/harsh_agarwal-bebr/Desktop/backend-mock/database/models/index.js","statementMap":{"0":{"start":{"line":3,"column":11},"end":{"line":3,"column":24}},"1":{"start":{"line":4,"column":13},"end":{"line":4,"column":28}},"2":{"start":{"line":5,"column":18},"end":{"line":5,"column":38}},"3":{"start":{"line":6,"column":16},"end":{"line":6,"column":34}},"4":{"start":{"line":7,"column":17},"end":{"line":7,"column":42}},"5":{"start":{"line":8,"column":12},"end":{"line":8,"column":49}},"6":{"start":{"line":9,"column":15},"end":{"line":9,"column":65}},"7":{"start":{"line":10,"column":11},"end":{"line":10,"column":13}},"8":{"start":{"line":13,"column":0},"end":{"line":17,"column":1}},"9":{"start":{"line":14,"column":4},"end":{"line":14,"column":75}},"10":{"start":{"line":16,"column":4},"end":{"line":16,"column":88}},"11":{"start":{"line":19,"column":0},"end":{"line":32,"column":6}},"12":{"start":{"line":22,"column":8},"end":{"line":27,"column":9}},"13":{"start":{"line":30,"column":22},"end":{"line":30,"column":89}},"14":{"start":{"line":31,"column":8},"end":{"line":31,"column":30}},"15":{"start":{"line":34,"column":0},"end":{"line":38,"column":2}},"16":{"start":{"line":35,"column":4},"end":{"line":37,"column":5}},"17":{"start":{"line":36,"column":8},"end":{"line":36,"column":35}},"18":{"start":{"line":40,"column":0},"end":{"line":40,"column":24}},"19":{"start":{"line":41,"column":0},"end":{"line":41,"column":24}},"20":{"start":{"line":43,"column":0},"end":{"line":43,"column":19}}},"fnMap":{"0":{"name":"(anonymous_0)","decl":{"start":{"line":21,"column":12},"end":{"line":21,"column":13}},"loc":{"start":{"line":21,"column":20},"end":{"line":28,"column":5}},"line":21},"1":{"name":"(anonymous_1)","decl":{"start":{"line":29,"column":13},"end":{"line":29,"column":14}},"loc":{"start":{"line":29,"column":21},"end":{"line":32,"column":5}},"line":29},"2":{"name":"(anonymous_2)","decl":{"start":{"line":34,"column":24},"end":{"line":34,"column":25}},"loc":{"start":{"line":34,"column":37},"end":{"line":38,"column":1}},"line":34}},"branchMap":{"0":{"loc":{"start":{"line":8,"column":12},"end":{"line":8,"column":49}},"type":"binary-expr","locations":[{"start":{"line":8,"column":12},"end":{"line":8,"column":32}},{"start":{"line":8,"column":36},"end":{"line":8,"column":49}}],"line":8},"1":{"loc":{"start":{"line":13,"column":0},"end":{"line":17,"column":1}},"type":"if","locations":[{"start":{"line":13,"column":0},"end":{"line":17,"column":1}},{"start":{"line":15,"column":7},"end":{"line":17,"column":1}}],"line":13},"2":{"loc":{"start":{"line":23,"column":12},"end":{"line":26,"column":37}},"type":"binary-expr","locations":[{"start":{"line":23,"column":12},"end":{"line":23,"column":35}},{"start":{"line":24,"column":6},"end":{"line":24,"column":23}},{"start":{"line":25,"column":6},"end":{"line":25,"column":30}},{"start":{"line":26,"column":6},"end":{"line":26,"column":37}}],"line":23},"3":{"loc":{"start":{"line":35,"column":4},"end":{"line":37,"column":5}},"type":"if","locations":[{"start":{"line":35,"column":4},"end":{"line":37,"column":5}},{"start":{},"end":{}}],"line":35}},"s":{"0":2,"1":2,"2":2,"3":2,"4":2,"5":2,"6":2,"7":2,"8":2,"9":0,"10":2,"11":2,"12":6,"13":4,"14":4,"15":2,"16":4,"17":4,"18":2,"19":2,"20":2},"f":{"0":6,"1":4,"2":4},"b":{"0":[2,0],"1":[0,2],"2":[6,6,4,4],"3":[4,0]},"_coverageSchema":"1a1c01bbd47fc00a2c39e90264f33305004495a9","hash":"26efe58d9f6acfb452e0bb0a524993352d44359a"}
,"/Users/harsh_agarwal-bebr/Desktop/backend-mock/database/models/task.js": {"path":"/Users/harsh_agarwal-bebr/Desktop/backend-mock/database/models/task.js","statementMap":{"0":{"start":{"line":4,"column":4},"end":{"line":4,"column":24}},"1":{"start":{"line":5,"column":0},"end":{"line":28,"column":1}},"2":{"start":{"line":13,"column":12},"end":{"line":16,"column":14}},"3":{"start":{"line":19,"column":4},"end":{"line":26,"column":6}},"4":{"start":{"line":27,"column":4},"end":{"line":27,"column":15}}},"fnMap":{"0":{"name":"(anonymous_0)","decl":{"start":{"line":5,"column":17},"end":{"line":5,"column":18}},"loc":{"start":{"line":5,"column":43},"end":{"line":28,"column":1}},"line":5},"1":{"name":"(anonymous_1)","decl":{"start":{"line":12,"column":8},"end":{"line":12,"column":9}},"loc":{"start":{"line":12,"column":33},"end":{"line":17,"column":9}},"line":12}},"branchMap":{},"s":{"0":2,"1":2,"2":2,"3":2,"4":2},"f":{"0":2,"1":2},"b":{},"_coverageSchema":"1a1c01bbd47fc00a2c39e90264f33305004495a9","hash":"e6d95133f0812d70dcd49244694b0ed8627d7a66"}
,"/Users/harsh_agarwal-bebr/Desktop/backend-mock/database/models/user.js": {"path":"/Users/harsh_agarwal-bebr/Desktop/backend-mock/database/models/user.js","statementMap":{"0":{"start":{"line":4,"column":4},"end":{"line":4,"column":24}},"1":{"start":{"line":5,"column":0},"end":{"line":27,"column":1}},"2":{"start":{"line":13,"column":12},"end":{"line":16,"column":14}},"3":{"start":{"line":19,"column":4},"end":{"line":25,"column":6}},"4":{"start":{"line":26,"column":4},"end":{"line":26,"column":15}}},"fnMap":{"0":{"name":"(anonymous_0)","decl":{"start":{"line":5,"column":17},"end":{"line":5,"column":18}},"loc":{"start":{"line":5,"column":43},"end":{"line":27,"column":1}},"line":5},"1":{"name":"(anonymous_1)","decl":{"start":{"line":12,"column":8},"end":{"line":12,"column":9}},"loc":{"start":{"line":12,"column":33},"end":{"line":17,"column":9}},"line":12}},"branchMap":{},"s":{"0":2,"1":2,"2":2,"3":2,"4":2},"f":{"0":2,"1":2},"b":{},"_coverageSchema":"1a1c01bbd47fc00a2c39e90264f33305004495a9","hash":"56a44b987b45fa027e7b6d1346f424ac26b661a8"}
,"/Users/harsh_agarwal-bebr/Desktop/backend-mock/src/controllers/userControllers.js": {"path":"/Users/harsh_agarwal-bebr/Desktop/backend-mock/src/controllers/userControllers.js","statementMap":{"0":{"start":{"line":1,"column":17},"end":{"line":1,"column":52}},"1":{"start":{"line":2,"column":20},"end":{"line":2,"column":45}},"2":{"start":{"line":4,"column":0},"end":{"line":15,"column":1}},"3":{"start":{"line":5,"column":4},"end":{"line":14,"column":5}},"4":{"start":{"line":6,"column":30},"end":{"line":6,"column":38}},"5":{"start":{"line":7,"column":21},"end":{"line":7,"column":61}},"6":{"start":{"line":8,"column":8},"end":{"line":8,"column":65}},"7":{"start":{"line":8,"column":18},"end":{"line":8,"column":65}},"8":{"start":{"line":9,"column":8},"end":{"line":9,"column":34}},"9":{"start":{"line":12,"column":8},"end":{"line":12,"column":93}},"10":{"start":{"line":12,"column":37},"end":{"line":12,"column":93}},"11":{"start":{"line":13,"column":8},"end":{"line":13,"column":64}},"12":{"start":{"line":17,"column":0},"end":{"line":29,"column":1}},"13":{"start":{"line":18,"column":4},"end":{"line":28,"column":5}},"14":{"start":{"line":19,"column":25},"end":{"line":19,"column":35}},"15":{"start":{"line":20,"column":24},"end":{"line":20,"column":32}},"16":{"start":{"line":21,"column":21},"end":{"line":21,"column":63}},"17":{"start":{"line":22,"column":8},"end":{"line":22,"column":60}},"18":{"start":{"line":22,"column":18},"end":{"line":22,"column":60}},"19":{"start":{"line":23,"column":8},"end":{"line":23,"column":34}},"20":{"start":{"line":26,"column":8},"end":{"line":26,"column":93}},"21":{"start":{"line":26,"column":37},"end":{"line":26,"column":93}},"22":{"start":{"line":27,"column":8},"end":{"line":27,"column":64}},"23":{"start":{"line":31,"column":0},"end":{"line":41,"column":1}},"24":{"start":{"line":32,"column":4},"end":{"line":40,"column":5}},"25":{"start":{"line":33,"column":21},"end":{"line":33,"column":63}},"26":{"start":{"line":34,"column":8},"end":{"line":34,"column":60}},"27":{"start":{"line":34,"column":18},"end":{"line":34,"column":60}},"28":{"start":{"line":35,"column":8},"end":{"line":35,"column":34}},"29":{"start":{"line":38,"column":8},"end":{"line":38,"column":93}},"30":{"start":{"line":38,"column":37},"end":{"line":38,"column":93}},"31":{"start":{"line":39,"column":8},"end":{"line":39,"column":64}},"32":{"start":{"line":43,"column":0},"end":{"line":53,"column":1}},"33":{"start":{"line":44,"column":4},"end":{"line":52,"column":5}},"34":{"start":{"line":45,"column":21},"end":{"line":45,"column":46}},"35":{"start":{"line":46,"column":8},"end":{"line":46,"column":60}},"36":{"start":{"line":46,"column":18},"end":{"line":46,"column":60}},"37":{"start":{"line":47,"column":8},"end":{"line":47,"column":34}},"38":{"start":{"line":50,"column":8},"end":{"line":50,"column":93}},"39":{"start":{"line":50,"column":37},"end":{"line":50,"column":93}},"40":{"start":{"line":51,"column":8},"end":{"line":51,"column":64}},"41":{"start":{"line":55,"column":0},"end":{"line":65,"column":1}},"42":{"start":{"line":56,"column":4},"end":{"line":64,"column":5}},"43":{"start":{"line":57,"column":21},"end":{"line":57,"column":62}},"44":{"start":{"line":58,"column":8},"end":{"line":58,"column":60}},"45":{"start":{"line":58,"column":18},"end":{"line":58,"column":60}},"46":{"start":{"line":59,"column":8},"end":{"line":59,"column":34}},"47":{"start":{"line":62,"column":8},"end":{"line":62,"column":93}},"48":{"start":{"line":62,"column":37},"end":{"line":62,"column":93}},"49":{"start":{"line":63,"column":8},"end":{"line":63,"column":64}},"50":{"start":{"line":67,"column":0},"end":{"line":78,"column":1}},"51":{"start":{"line":68,"column":4},"end":{"line":77,"column":5}},"52":{"start":{"line":69,"column":33},"end":{"line":69,"column":43}},"53":{"start":{"line":70,"column":21},"end":{"line":70,"column":59}},"54":{"start":{"line":71,"column":8},"end":{"line":71,"column":60}},"55":{"start":{"line":71,"column":18},"end":{"line":71,"column":60}},"56":{"start":{"line":72,"column":8},"end":{"line":72,"column":34}},"57":{"start":{"line":75,"column":8},"end":{"line":75,"column":93}},"58":{"start":{"line":75,"column":37},"end":{"line":75,"column":93}},"59":{"start":{"line":76,"column":8},"end":{"line":76,"column":64}},"60":{"start":{"line":80,"column":0},"end":{"line":90,"column":1}},"61":{"start":{"line":81,"column":4},"end":{"line":89,"column":5}},"62":{"start":{"line":82,"column":24},"end":{"line":82,"column":32}},"63":{"start":{"line":83,"column":33},"end":{"line":83,"column":43}},"64":{"start":{"line":84,"column":8},"end":{"line":84,"column":54}},"65":{"start":{"line":85,"column":8},"end":{"line":85,"column":67}},"66":{"start":{"line":88,"column":8},"end":{"line":88,"column":64}},"67":{"start":{"line":92,"column":0},"end":{"line":101,"column":1}},"68":{"start":{"line":93,"column":4},"end":{"line":100,"column":5}},"69":{"start":{"line":94,"column":25},"end":{"line":94,"column":35}},"70":{"start":{"line":95,"column":8},"end":{"line":95,"column":51}},"71":{"start":{"line":96,"column":8},"end":{"line":96,"column":68}},"72":{"start":{"line":99,"column":8},"end":{"line":99,"column":64}},"73":{"start":{"line":103,"column":0},"end":{"line":112,"column":1}},"74":{"start":{"line":104,"column":4},"end":{"line":111,"column":5}},"75":{"start":{"line":105,"column":25},"end":{"line":105,"column":35}},"76":{"start":{"line":106,"column":8},"end":{"line":106,"column":41}},"77":{"start":{"line":107,"column":8},"end":{"line":107,"column":68}},"78":{"start":{"line":110,"column":8},"end":{"line":110,"column":64}},"79":{"start":{"line":114,"column":0},"end":{"line":123,"column":1}},"80":{"start":{"line":115,"column":4},"end":{"line":122,"column":5}},"81":{"start":{"line":116,"column":33},"end":{"line":116,"column":43}},"82":{"start":{"line":117,"column":8},"end":{"line":117,"column":49}},"83":{"start":{"line":118,"column":8},"end":{"line":118,"column":68}},"84":{"start":{"line":121,"column":8},"end":{"line":121,"column":64}}},"fnMap":{"0":{"name":"(anonymous_0)","decl":{"start":{"line":4,"column":21},"end":{"line":4,"column":22}},"loc":{"start":{"line":4,"column":41},"end":{"line":15,"column":1}},"line":4},"1":{"name":"(anonymous_1)","decl":{"start":{"line":17,"column":21},"end":{"line":17,"column":22}},"loc":{"start":{"line":17,"column":41},"end":{"line":29,"column":1}},"line":17},"2":{"name":"(anonymous_2)","decl":{"start":{"line":31,"column":19},"end":{"line":31,"column":20}},"loc":{"start":{"line":31,"column":39},"end":{"line":41,"column":1}},"line":31},"3":{"name":"(anonymous_3)","decl":{"start":{"line":43,"column":19},"end":{"line":43,"column":20}},"loc":{"start":{"line":43,"column":39},"end":{"line":53,"column":1}},"line":43},"4":{"name":"(anonymous_4)","decl":{"start":{"line":55,"column":18},"end":{"line":55,"column":19}},"loc":{"start":{"line":55,"column":38},"end":{"line":65,"column":1}},"line":55},"5":{"name":"(anonymous_5)","decl":{"start":{"line":67,"column":18},"end":{"line":67,"column":19}},"loc":{"start":{"line":67,"column":38},"end":{"line":78,"column":1}},"line":67},"6":{"name":"(anonymous_6)","decl":{"start":{"line":80,"column":19},"end":{"line":80,"column":20}},"loc":{"start":{"line":80,"column":39},"end":{"line":90,"column":1}},"line":80},"7":{"name":"(anonymous_7)","decl":{"start":{"line":92,"column":21},"end":{"line":92,"column":22}},"loc":{"start":{"line":92,"column":41},"end":{"line":101,"column":1}},"line":92},"8":{"name":"(anonymous_8)","decl":{"start":{"line":103,"column":21},"end":{"line":103,"column":22}},"loc":{"start":{"line":103,"column":41},"end":{"line":112,"column":1}},"line":103},"9":{"name":"(anonymous_9)","decl":{"start":{"line":114,"column":21},"end":{"line":114,"column":22}},"loc":{"start":{"line":114,"column":41},"end":{"line":123,"column":1}},"line":114}},"branchMap":{"0":{"loc":{"start":{"line":8,"column":8},"end":{"line":8,"column":65}},"type":"if","locations":[{"start":{"line":8,"column":8},"end":{"line":8,"column":65}},{"start":{},"end":{}}],"line":8},"1":{"loc":{"start":{"line":12,"column":8},"end":{"line":12,"column":93}},"type":"if","locations":[{"start":{"line":12,"column":8},"end":{"line":12,"column":93}},{"start":{},"end":{}}],"line":12},"2":{"loc":{"start":{"line":22,"column":8},"end":{"line":22,"column":60}},"type":"if","locations":[{"start":{"line":22,"column":8},"end":{"line":22,"column":60}},{"start":{},"end":{}}],"line":22},"3":{"loc":{"start":{"line":26,"column":8},"end":{"line":26,"column":93}},"type":"if","locations":[{"start":{"line":26,"column":8},"end":{"line":26,"column":93}},{"start":{},"end":{}}],"line":26},"4":{"loc":{"start":{"line":34,"column":8},"end":{"line":34,"column":60}},"type":"if","locations":[{"start":{"line":34,"column":8},"end":{"line":34,"column":60}},{"start":{},"end":{}}],"line":34},"5":{"loc":{"start":{"line":38,"column":8},"end":{"line":38,"column":93}},"type":"if","locations":[{"start":{"line":38,"column":8},"end":{"line":38,"column":93}},{"start":{},"end":{}}],"line":38},"6":{"loc":{"start":{"line":46,"column":8},"end":{"line":46,"column":60}},"type":"if","locations":[{"start":{"line":46,"column":8},"end":{"line":46,"column":60}},{"start":{},"end":{}}],"line":46},"7":{"loc":{"start":{"line":50,"column":8},"end":{"line":50,"column":93}},"type":"if","locations":[{"start":{"line":50,"column":8},"end":{"line":50,"column":93}},{"start":{},"end":{}}],"line":50},"8":{"loc":{"start":{"line":58,"column":8},"end":{"line":58,"column":60}},"type":"if","locations":[{"start":{"line":58,"column":8},"end":{"line":58,"column":60}},{"start":{},"end":{}}],"line":58},"9":{"loc":{"start":{"line":62,"column":8},"end":{"line":62,"column":93}},"type":"if","locations":[{"start":{"line":62,"column":8},"end":{"line":62,"column":93}},{"start":{},"end":{}}],"line":62},"10":{"loc":{"start":{"line":71,"column":8},"end":{"line":71,"column":60}},"type":"if","locations":[{"start":{"line":71,"column":8},"end":{"line":71,"column":60}},{"start":{},"end":{}}],"line":71},"11":{"loc":{"start":{"line":75,"column":8},"end":{"line":75,"column":93}},"type":"if","locations":[{"start":{"line":75,"column":8},"end":{"line":75,"column":93}},{"start":{},"end":{}}],"line":75}},"s":{"0":1,"1":1,"2":1,"3":3,"4":3,"5":3,"6":2,"7":1,"8":1,"9":2,"10":1,"11":1,"12":1,"13":3,"14":3,"15":3,"16":3,"17":2,"18":1,"19":1,"20":2,"21":1,"22":1,"23":1,"24":3,"25":3,"26":2,"27":1,"28":1,"29":2,"30":1,"31":1,"32":1,"33":0,"34":0,"35":0,"36":0,"37":0,"38":0,"39":0,"40":0,"41":1,"42":0,"43":0,"44":0,"45":0,"46":0,"47":0,"48":0,"49":0,"50":1,"51":0,"52":0,"53":0,"54":0,"55":0,"56":0,"57":0,"58":0,"59":0,"60":1,"61":0,"62":0,"63":0,"64":0,"65":0,"66":0,"67":1,"68":0,"69":0,"70":0,"71":0,"72":0,"73":1,"74":0,"75":0,"76":0,"77":0,"78":0,"79":1,"80":0,"81":0,"82":0,"83":0,"84":0},"f":{"0":3,"1":3,"2":3,"3":0,"4":0,"5":0,"6":0,"7":0,"8":0,"9":0},"b":{"0":[1,1],"1":[1,1],"2":[1,1],"3":[1,1],"4":[1,1],"5":[1,1],"6":[0,0],"7":[0,0],"8":[0,0],"9":[0,0],"10":[0,0],"11":[0,0]},"_coverageSchema":"1a1c01bbd47fc00a2c39e90264f33305004495a9","hash":"6cb8a06bdc4ba2d843615db1a7e940f94443aa4c"}
,"/Users/harsh_agarwal-bebr/Desktop/backend-mock/src/services/userServices.js": {"path":"/Users/harsh_agarwal-bebr/Desktop/backend-mock/src/services/userServices.js","statementMap":{"0":{"start":{"line":1,"column":21},"end":{"line":1,"column":53}},"1":{"start":{"line":3,"column":0},"end":{"line":5,"column":1}},"2":{"start":{"line":4,"column":4},"end":{"line":4,"column":34}},"3":{"start":{"line":7,"column":0},"end":{"line":9,"column":1}},"4":{"start":{"line":8,"column":4},"end":{"line":8,"column":34}},"5":{"start":{"line":11,"column":0},"end":{"line":19,"column":1}},"6":{"start":{"line":12,"column":17},"end":{"line":17,"column":6}},"7":{"start":{"line":18,"column":4},"end":{"line":18,"column":21}},"8":{"start":{"line":21,"column":0},"end":{"line":29,"column":1}},"9":{"start":{"line":22,"column":18},"end":{"line":27,"column":6}},"10":{"start":{"line":28,"column":4},"end":{"line":28,"column":16}},"11":{"start":{"line":31,"column":0},"end":{"line":34,"column":1}},"12":{"start":{"line":32,"column":17},"end":{"line":32,"column":44}},"13":{"start":{"line":33,"column":4},"end":{"line":33,"column":15}},"14":{"start":{"line":35,"column":0},"end":{"line":46,"column":1}},"15":{"start":{"line":36,"column":18},"end":{"line":44,"column":6}},"16":{"start":{"line":45,"column":4},"end":{"line":45,"column":25}},"17":{"start":{"line":48,"column":0},"end":{"line":62,"column":1}},"18":{"start":{"line":49,"column":17},"end":{"line":57,"column":6}},"19":{"start":{"line":58,"column":17},"end":{"line":58,"column":30}},"20":{"start":{"line":59,"column":4},"end":{"line":59,"column":22}},"21":{"start":{"line":60,"column":4},"end":{"line":60,"column":21}},"22":{"start":{"line":61,"column":4},"end":{"line":61,"column":15}},"23":{"start":{"line":64,"column":0},"end":{"line":70,"column":1}},"24":{"start":{"line":65,"column":4},"end":{"line":69,"column":6}},"25":{"start":{"line":72,"column":0},"end":{"line":75,"column":1}},"26":{"start":{"line":73,"column":17},"end":{"line":73,"column":44}},"27":{"start":{"line":74,"column":4},"end":{"line":74,"column":24}},"28":{"start":{"line":77,"column":0},"end":{"line":89,"column":1}},"29":{"start":{"line":78,"column":17},"end":{"line":86,"column":6}},"30":{"start":{"line":87,"column":17},"end":{"line":87,"column":30}},"31":{"start":{"line":88,"column":4},"end":{"line":88,"column":24}}},"fnMap":{"0":{"name":"(anonymous_0)","decl":{"start":{"line":3,"column":21},"end":{"line":3,"column":22}},"loc":{"start":{"line":3,"column":36},"end":{"line":5,"column":1}},"line":3},"1":{"name":"(anonymous_1)","decl":{"start":{"line":7,"column":21},"end":{"line":7,"column":22}},"loc":{"start":{"line":7,"column":36},"end":{"line":9,"column":1}},"line":7},"2":{"name":"(anonymous_2)","decl":{"start":{"line":11,"column":19},"end":{"line":11,"column":20}},"loc":{"start":{"line":11,"column":36},"end":{"line":19,"column":1}},"line":11},"3":{"name":"(anonymous_3)","decl":{"start":{"line":21,"column":19},"end":{"line":21,"column":20}},"loc":{"start":{"line":21,"column":31},"end":{"line":29,"column":1}},"line":21},"4":{"name":"(anonymous_4)","decl":{"start":{"line":31,"column":18},"end":{"line":31,"column":19}},"loc":{"start":{"line":31,"column":36},"end":{"line":34,"column":1}},"line":31},"5":{"name":"(anonymous_5)","decl":{"start":{"line":35,"column":18},"end":{"line":35,"column":19}},"loc":{"start":{"line":35,"column":44},"end":{"line":46,"column":1}},"line":35},"6":{"name":"(anonymous_6)","decl":{"start":{"line":48,"column":19},"end":{"line":48,"column":20}},"loc":{"start":{"line":48,"column":52},"end":{"line":62,"column":1}},"line":48},"7":{"name":"(anonymous_7)","decl":{"start":{"line":64,"column":21},"end":{"line":64,"column":22}},"loc":{"start":{"line":64,"column":45},"end":{"line":70,"column":1}},"line":64},"8":{"name":"(anonymous_8)","decl":{"start":{"line":72,"column":21},"end":{"line":72,"column":22}},"loc":{"start":{"line":72,"column":39},"end":{"line":75,"column":1}},"line":72},"9":{"name":"(anonymous_9)","decl":{"start":{"line":77,"column":21},"end":{"line":77,"column":22}},"loc":{"start":{"line":77,"column":47},"end":{"line":89,"column":1}},"line":77}},"branchMap":{},"s":{"0":2,"1":2,"2":2,"3":2,"4":0,"5":2,"6":0,"7":0,"8":2,"9":0,"10":0,"11":2,"12":0,"13":0,"14":2,"15":0,"16":0,"17":2,"18":0,"19":0,"20":0,"21":0,"22":0,"23":2,"24":0,"25":2,"26":0,"27":0,"28":2,"29":0,"30":0,"31":0},"f":{"0":2,"1":0,"2":0,"3":0,"4":0,"5":0,"6":0,"7":0,"8":0,"9":0},"b":{},"_coverageSchema":"1a1c01bbd47fc00a2c39e90264f33305004495a9","hash":"81475184b1e769ca7c81a2f5e0ce5fffb472b24c"}
,"/Users/harsh_agarwal-bebr/Desktop/backend-mock/src/utils/error.js": {"path":"/Users/harsh_agarwal-bebr/Desktop/backend-mock/src/utils/error.js","statementMap":{"0":{"start":{"line":3,"column":8},"end":{"line":3,"column":22}},"1":{"start":{"line":4,"column":8},"end":{"line":4,"column":30}},"2":{"start":{"line":5,"column":8},"end":{"line":5,"column":24}},"3":{"start":{"line":11,"column":8},"end":{"line":11,"column":22}},"4":{"start":{"line":12,"column":8},"end":{"line":12,"column":30}},"5":{"start":{"line":13,"column":8},"end":{"line":13,"column":24}},"6":{"start":{"line":17,"column":0},"end":{"line":20,"column":1}}},"fnMap":{"0":{"name":"(anonymous_0)","decl":{"start":{"line":2,"column":4},"end":{"line":2,"column":5}},"loc":{"start":{"line":2,"column":32},"end":{"line":6,"column":5}},"line":2},"1":{"name":"(anonymous_1)","decl":{"start":{"line":10,"column":4},"end":{"line":10,"column":5}},"loc":{"start":{"line":10,"column":32},"end":{"line":14,"column":5}},"line":10}},"branchMap":{},"s":{"0":3,"1":3,"2":3,"3":0,"4":0,"5":0,"6":1},"f":{"0":3,"1":0},"b":{},"_coverageSchema":"1a1c01bbd47fc00a2c39e90264f33305004495a9","hash":"8c8826f84f8c4e19fd90cb817b606bbdf8a24fa8"}
}
